[2026-05-12T18:20:20] === stepMorph() called ===
[2026-05-12T18:20:20] === choosePair round 1 ===
[2026-05-12T18:20:20] choosePair: unhappyBots=45 movableBots=45 freeTargets=1
[2026-05-12T18:20:20] choosePair: checking bot=B44 at (9,3,4)
[2026-05-12T18:20:20] [DEBUG choosePair] bot=B44 target=(2,1,1) target.vx=undefined target.vy=undefined target.vz=undefined cluster_target_type=array cluster_target_len=5
[2026-05-12T18:20:20] [DEBUG choosePair] rawTarget.vx=undefined rawTarget.vy=undefined rawTarget.vz=undefined rawTarget keys=x,y,z
[2026-05-12T18:20:20] _buildWorldAndPlanPath: start=(9,3,4) target=(2,1,1) targetOrientation=(0,0,0) cellsCount=45
[2026-05-12T18:20:20] _buildWorldAndPlanPath: no horizontal neighbors in target structure at (2,1,1), using start orientation=(-1,0,0)
[2026-05-12T18:20:20] choosePair: valid pair bot=B44 -> (2,1,1) dist=7.87 (path planner OK, checked 1 candidates)
[2026-05-12T18:20:20] choosePair: selected bot=B44 from=(9,3,4) to=(2,1,1) dist=7.87
[2026-05-12T18:20:20]   registerMorphStepForExport: bot=B44 states=21 pathLen=21
[2026-05-12T18:20:20]   -> adding vx/vy/vz to from/to/fullPath for bot=B44
[2026-05-12T18:20:20] stepMorph: registered move for bot=B44 as wave 1
[2026-05-12T18:20:20] choosePair round=1: success=true bot_id=B44 from=(9,3,4) to=(2,1,1) orientation=(-1,0,0) path_valid=true path_len=21 error=none moved_to_target=(2,1,1) orientation=(-1,0,0)
[2026-05-12T18:20:20] === choosePair round 2 ===
[2026-05-12T18:20:20] choosePair: unhappyBots=44 movableBots=44 freeTargets=1
[2026-05-12T18:20:20] choosePair: checking bot=B43 at (8,3,4)
[2026-05-12T18:20:20] [DEBUG choosePair] bot=B43 target=(2,2,1) target.vx=undefined target.vy=undefined target.vz=undefined cluster_target_type=array cluster_target_len=5
[2026-05-12T18:20:20] [DEBUG choosePair] rawTarget.vx=undefined rawTarget.vy=undefined rawTarget.vz=undefined rawTarget keys=x,y,z
[2026-05-12T18:20:20] _buildWorldAndPlanPath: start=(8,3,4) target=(2,2,1) targetOrientation=(0,0,0) cellsCount=45
[2026-05-12T18:20:20] _buildWorldAndPlanPath: auto-orientation at target (2,2,1) -> target-structure neighbor at (3,2,1) -> orientation=(1,0,0)
[2026-05-12T18:20:20] choosePair: valid pair bot=B43 -> (2,2,1) dist=6.78 (path planner OK, checked 1 candidates)
[2026-05-12T18:20:20] choosePair: selected bot=B43 from=(8,3,4) to=(2,2,1) dist=6.78
[2026-05-12T18:20:20]   registerMorphStepForExport: bot=B43 states=23 pathLen=23
[2026-05-12T18:20:20]   -> adding vx/vy/vz to from/to/fullPath for bot=B43
[2026-05-12T18:20:20] stepMorph: registered move for bot=B43 as wave 2
[2026-05-12T18:20:20] choosePair round=2: success=true bot_id=B43 from=(8,3,4) to=(2,2,1) orientation=(-1,0,0) path_valid=true path_len=23 error=none moved_to_target=(2,2,1) orientation=(1,0,0)
[2026-05-12T18:20:20] === choosePair round 3 ===
[2026-05-12T18:20:20] choosePair: unhappyBots=43 movableBots=43 freeTargets=3
[2026-05-12T18:20:20] choosePair: checking bot=B38 at (6,4,6)
[2026-05-12T18:20:20] choosePair: skip bot=B38 target=(2,3,1) reason=wouldSplitCluster
[2026-05-12T18:20:20] choosePair: skip bot=B38 target=(3,2,1) reason=wouldSplitCluster
[2026-05-12T18:20:20] choosePair: skip bot=B38 target=(1,2,1) reason=wouldSplitCluster
[2026-05-12T18:20:20] choosePair: checking bot=B39 at (5,4,6)
[2026-05-12T18:20:20] choosePair: skip bot=B39 target=(2,3,1) reason=wouldSplitCluster
[2026-05-12T18:20:20] choosePair: skip bot=B39 target=(3,2,1) reason=wouldSplitCluster
[2026-05-12T18:20:20] choosePair: skip bot=B39 target=(1,2,1) reason=wouldSplitCluster
[2026-05-12T18:20:20] choosePair: checking bot=B40 at (4,4,6)
[2026-05-12T18:20:20] choosePair: skip bot=B40 target=(2,3,1) reason=wouldSplitCluster
[2026-05-12T18:20:20] choosePair: skip bot=B40 target=(3,2,1) reason=wouldSplitCluster
[2026-05-12T18:20:20] choosePair: skip bot=B40 target=(1,2,1) reason=wouldSplitCluster
[2026-05-12T18:20:20] choosePair: checking bot=B37 at (6,4,5)
[2026-05-12T18:20:20] choosePair: skip bot=B37 target=(2,3,1) reason=wouldSplitCluster
[2026-05-12T18:20:20] choosePair: skip bot=B37 target=(3,2,1) reason=wouldSplitCluster
[2026-05-12T18:20:20] choosePair: skip bot=B37 target=(1,2,1) reason=wouldSplitCluster
[2026-05-12T18:20:20] choosePair: checking bot=B41 at (3,4,6)
[2026-05-12T18:20:20] [DEBUG choosePair] bot=B41 target=(2,3,1) target.vx=undefined target.vy=undefined target.vz=undefined cluster_target_type=array cluster_target_len=5
[2026-05-12T18:20:20] [DEBUG choosePair] rawTarget.vx=undefined rawTarget.vy=undefined rawTarget.vz=undefined rawTarget keys=x,y,z
[2026-05-12T18:20:20] _buildWorldAndPlanPath: start=(3,4,6) target=(2,3,1) targetOrientation=(0,0,0) cellsCount=45
[2026-05-12T18:20:20] _buildWorldAndPlanPath: no horizontal neighbors in target structure at (2,3,1), using start orientation=(1,0,0)
[2026-05-12T18:20:20] choosePair: valid pair bot=B41 -> (2,3,1) dist=5.20 (path planner OK, checked 1 candidates)
[2026-05-12T18:20:20] choosePair: selected bot=B41 from=(3,4,6) to=(2,3,1) dist=5.20
[2026-05-12T18:20:20]   registerMorphStepForExport: bot=B41 states=26 pathLen=26
[2026-05-12T18:20:20]   -> adding vx/vy/vz to from/to/fullPath for bot=B41
[2026-05-12T18:20:20] stepMorph: registered move for bot=B41 as wave 3
[2026-05-12T18:20:20] choosePair round=3: success=true bot_id=B41 from=(3,4,6) to=(2,3,1) orientation=(1,0,0) path_valid=true path_len=26 error=none moved_to_target=(2,3,1) orientation=(1,0,0)
[2026-05-12T18:20:20] === choosePair round 4 ===
[2026-05-12T18:20:20] choosePair: unhappyBots=42 movableBots=42 freeTargets=2
[2026-05-12T18:20:20] choosePair: checking bot=B38 at (6,4,6)
[2026-05-12T18:20:20] choosePair: skip bot=B38 target=(3,2,1) reason=wouldSplitCluster
[2026-05-12T18:20:20] choosePair: skip bot=B38 target=(1,2,1) reason=wouldSplitCluster
[2026-05-12T18:20:20] choosePair: checking bot=B39 at (5,4,6)
[2026-05-12T18:20:20] choosePair: skip bot=B39 target=(3,2,1) reason=wouldSplitCluster
[2026-05-12T18:20:20] choosePair: skip bot=B39 target=(1,2,1) reason=wouldSplitCluster
[2026-05-12T18:20:20] choosePair: checking bot=B40 at (4,4,6)
[2026-05-12T18:20:20] [DEBUG choosePair] bot=B40 target=(3,2,1) target.vx=undefined target.vy=undefined target.vz=undefined cluster_target_type=array cluster_target_len=5
[2026-05-12T18:20:20] [DEBUG choosePair] rawTarget.vx=undefined rawTarget.vy=undefined rawTarget.vz=undefined rawTarget keys=x,y,z
[2026-05-12T18:20:20] _buildWorldAndPlanPath: start=(4,4,6) target=(3,2,1) targetOrientation=(0,0,0) cellsCount=45
[2026-05-12T18:20:20] _buildWorldAndPlanPath: auto-orientation at target (3,2,1) -> target-structure neighbor at (2,2,1) -> orientation=(-1,0,0)
[2026-05-12T18:20:20] choosePair: valid pair bot=B40 -> (3,2,1) dist=5.48 (path planner OK, checked 1 candidates)
[2026-05-12T18:20:20] choosePair: selected bot=B40 from=(4,4,6) to=(3,2,1) dist=5.48
[2026-05-12T18:20:20]   registerMorphStepForExport: bot=B40 states=21 pathLen=21
[2026-05-12T18:20:20]   -> adding vx/vy/vz to from/to/fullPath for bot=B40
[2026-05-12T18:20:20] stepMorph: registered move for bot=B40 as wave 4
[2026-05-12T18:20:20] choosePair round=4: success=true bot_id=B40 from=(4,4,6) to=(3,2,1) orientation=(1,0,0) path_valid=true path_len=21 error=none moved_to_target=(3,2,1) orientation=(-1,0,0)
[2026-05-12T18:20:20] === choosePair round 5 ===
[2026-05-12T18:20:20] choosePair: unhappyBots=41 movableBots=41 freeTargets=1
[2026-05-12T18:20:20] choosePair: checking bot=B38 at (6,4,6)
[2026-05-12T18:20:20] choosePair: skip bot=B38 target=(1,2,1) reason=wouldSplitCluster
[2026-05-12T18:20:20] choosePair: checking bot=B42 at (7,3,4)
[2026-05-12T18:20:20] [DEBUG choosePair] bot=B42 target=(1,2,1) target.vx=undefined target.vy=undefined target.vz=undefined cluster_target_type=array cluster_target_len=5
[2026-05-12T18:20:20] [DEBUG choosePair] rawTarget.vx=undefined rawTarget.vy=undefined rawTarget.vz=undefined rawTarget keys=x,y,z
[2026-05-12T18:20:20] _buildWorldAndPlanPath: start=(7,3,4) target=(1,2,1) targetOrientation=(0,0,0) cellsCount=45
[2026-05-12T18:20:20] _buildWorldAndPlanPath: auto-orientation at target (1,2,1) -> target-structure neighbor at (2,2,1) -> orientation=(1,0,0)
[2026-05-12T18:20:20] choosePair: rejected pair bot=B42 -> (1,2,1) (path planner: PATH_NOT_FOUND)
[2026-05-12T18:20:20] choosePair: checking bot=B37 at (6,4,5)
[2026-05-12T18:20:20] choosePair: skip bot=B37 target=(1,2,1) reason=wouldSplitCluster
[2026-05-12T18:20:20] choosePair: checking bot=B39 at (5,4,6)
[2026-05-12T18:20:20] [DEBUG choosePair] bot=B39 target=(1,2,1) target.vx=undefined target.vy=undefined target.vz=undefined cluster_target_type=array cluster_target_len=5
[2026-05-12T18:20:20] [DEBUG choosePair] rawTarget.vx=undefined rawTarget.vy=undefined rawTarget.vz=undefined rawTarget keys=x,y,z
[2026-05-12T18:20:20] _buildWorldAndPlanPath: start=(5,4,6) target=(1,2,1) targetOrientation=(0,0,0) cellsCount=45
[2026-05-12T18:20:20] _buildWorldAndPlanPath: auto-orientation at target (1,2,1) -> target-structure neighbor at (2,2,1) -> orientation=(1,0,0)
[2026-05-12T18:20:20] choosePair: rejected pair bot=B39 -> (1,2,1) (path planner: PATH_NOT_FOUND)
[2026-05-12T18:20:20] choosePair: checking bot=B32 at (6,0,4)
[2026-05-12T18:20:20] choosePair: skip bot=B32 target=(1,2,1) reason=wouldSplitCluster
[2026-05-12T18:20:20] choosePair: checking bot=B36 at (6,4,4)
[2026-05-12T18:20:20] choosePair: skip bot=B36 target=(1,2,1) reason=wouldSplitCluster
[2026-05-12T18:20:20] choosePair: checking bot=B33 at (6,1,4)
[2026-05-12T18:20:20] choosePair: skip bot=B33 target=(1,2,1) reason=wouldSplitCluster
[2026-05-12T18:20:20] choosePair: checking bot=B35 at (6,3,4)
[2026-05-12T18:20:20] choosePair: skip bot=B35 target=(1,2,1) reason=wouldSplitCluster
[2026-05-12T18:20:20] choosePair: checking bot=B34 at (6,2,4)
[2026-05-12T18:20:20] choosePair: skip bot=B34 target=(1,2,1) reason=wouldSplitCluster
[2026-05-12T18:20:20] choosePair: checking bot=B25 at (5,0,4)
[2026-05-12T18:20:20] choosePair: skip bot=B25 target=(1,2,1) reason=wouldSplitCluster
[2026-05-12T18:20:20] choosePair: checking bot=B24 at (5,0,3)
[2026-05-12T18:20:20] [DEBUG choosePair] bot=B24 target=(1,2,1) target.vx=undefined target.vy=undefined target.vz=undefined cluster_target_type=array cluster_target_len=5
[2026-05-12T18:20:20] [DEBUG choosePair] rawTarget.vx=undefined rawTarget.vy=undefined rawTarget.vz=undefined rawTarget keys=x,y,z
[2026-05-12T18:20:20] _buildWorldAndPlanPath: start=(5,0,3) target=(1,2,1) targetOrientation=(0,0,0) cellsCount=45
[2026-05-12T18:20:20] _buildWorldAndPlanPath: auto-orientation at target (1,2,1) -> target-structure neighbor at (2,2,1) -> orientation=(1,0,0)
[2026-05-12T18:20:20] choosePair: rejected pair bot=B24 -> (1,2,1) (path planner: PATH_NOT_FOUND)
[2026-05-12T18:20:20] choosePair: checking bot=B20 at (4,0,4)
[2026-05-12T18:20:20] [DEBUG choosePair] bot=B20 target=(1,2,1) target.vx=undefined target.vy=undefined target.vz=undefined cluster_target_type=array cluster_target_len=5
[2026-05-12T18:20:20] [DEBUG choosePair] rawTarget.vx=undefined rawTarget.vy=undefined rawTarget.vz=undefined rawTarget keys=x,y,z
[2026-05-12T18:20:20] _buildWorldAndPlanPath: start=(4,0,4) target=(1,2,1) targetOrientation=(0,0,0) cellsCount=45
[2026-05-12T18:20:20] _buildWorldAndPlanPath: auto-orientation at target (1,2,1) -> target-structure neighbor at (2,2,1) -> orientation=(1,0,0)
[2026-05-12T18:20:20] choosePair: rejected pair bot=B20 -> (1,2,1) (path planner: PATH_NOT_FOUND)
[2026-05-12T18:20:20] choosePair: checking bot=B21 at (5,0,0)
[2026-05-12T18:20:20] choosePair: skip bot=B21 target=(1,2,1) reason=wouldSplitCluster
[2026-05-12T18:20:20] choosePair: checking bot=B23 at (5,0,2)
[2026-05-12T18:20:20] [DEBUG choosePair] bot=B23 target=(1,2,1) target.vx=undefined target.vy=undefined target.vz=undefined cluster_target_type=array cluster_target_len=5
[2026-05-12T18:20:20] [DEBUG choosePair] rawTarget.vx=undefined rawTarget.vy=undefined rawTarget.vz=undefined rawTarget keys=x,y,z
[2026-05-12T18:20:20] _buildWorldAndPlanPath: start=(5,0,2) target=(1,2,1) targetOrientation=(0,0,0) cellsCount=45
[2026-05-12T18:20:20] _buildWorldAndPlanPath: auto-orientation at target (1,2,1) -> target-structure neighbor at (2,2,1) -> orientation=(1,0,0)
[2026-05-12T18:20:20] choosePair: rejected pair bot=B23 -> (1,2,1) (path planner: PATH_NOT_FOUND)
[2026-05-12T18:20:20] choosePair: checking bot=B22 at (5,0,1)
[2026-05-12T18:20:20] [DEBUG choosePair] bot=B22 target=(1,2,1) target.vx=undefined target.vy=undefined target.vz=undefined cluster_target_type=array cluster_target_len=5
[2026-05-12T18:20:20] [DEBUG choosePair] rawTarget.vx=undefined rawTarget.vy=undefined rawTarget.vz=undefined rawTarget keys=x,y,z
[2026-05-12T18:20:20] _buildWorldAndPlanPath: start=(5,0,1) target=(1,2,1) targetOrientation=(0,0,0) cellsCount=45
[2026-05-12T18:20:20] _buildWorldAndPlanPath: auto-orientation at target (1,2,1) -> target-structure neighbor at (2,2,1) -> orientation=(1,0,0)
[2026-05-12T18:20:20] choosePair: rejected pair bot=B22 -> (1,2,1) (path planner: PATH_NOT_FOUND)
[2026-05-12T18:20:20] choosePair: checking bot=P1 at (5,1,0)
[2026-05-12T18:20:20] [DEBUG choosePair] bot=P1 target=(1,2,1) target.vx=undefined target.vy=undefined target.vz=undefined cluster_target_type=array cluster_target_len=5
[2026-05-12T18:20:20] [DEBUG choosePair] rawTarget.vx=undefined rawTarget.vy=undefined rawTarget.vz=undefined rawTarget keys=x,y,z
[2026-05-12T18:20:20] _buildWorldAndPlanPath: start=(5,1,0) target=(1,2,1) targetOrientation=(0,0,0) cellsCount=45
[2026-05-12T18:20:20] _buildWorldAndPlanPath: auto-orientation at target (1,2,1) -> target-structure neighbor at (2,2,1) -> orientation=(1,0,0)
[2026-05-12T18:20:20] choosePair: rejected pair bot=P1 -> (1,2,1) (path planner: PATH_NOT_FOUND)
[2026-05-12T18:20:20] choosePair: checking bot=B15 at (3,0,4)
[2026-05-12T18:20:20] [DEBUG choosePair] bot=B15 target=(1,2,1) target.vx=undefined target.vy=undefined target.vz=undefined cluster_target_type=array cluster_target_len=5
[2026-05-12T18:20:20] [DEBUG choosePair] rawTarget.vx=undefined rawTarget.vy=undefined rawTarget.vz=undefined rawTarget keys=x,y,z
[2026-05-12T18:20:20] _buildWorldAndPlanPath: start=(3,0,4) target=(1,2,1) targetOrientation=(0,0,0) cellsCount=45
[2026-05-12T18:20:20] _buildWorldAndPlanPath: auto-orientation at target (1,2,1) -> target-structure neighbor at (2,2,1) -> orientation=(1,0,0)
[2026-05-12T18:20:20] choosePair: rejected pair bot=B15 -> (1,2,1) (path planner: PATH_NOT_FOUND)
[2026-05-12T18:20:20] choosePair: checking bot=B19 at (4,0,3)
[2026-05-12T18:20:20] [DEBUG choosePair] bot=B19 target=(1,2,1) target.vx=undefined target.vy=undefined target.vz=undefined cluster_target_type=array cluster_target_len=5
[2026-05-12T18:20:20] [DEBUG choosePair] rawTarget.vx=undefined rawTarget.vy=undefined rawTarget.vz=undefined rawTarget keys=x,y,z
[2026-05-12T18:20:20] _buildWorldAndPlanPath: start=(4,0,3) target=(1,2,1) targetOrientation=(0,0,0) cellsCount=45
[2026-05-12T18:20:20] _buildWorldAndPlanPath: auto-orientation at target (1,2,1) -> target-structure neighbor at (2,2,1) -> orientation=(1,0,0)
[2026-05-12T18:20:20] choosePair: rejected pair bot=B19 -> (1,2,1) (path planner: PATH_NOT_FOUND)
[2026-05-12T18:20:20] choosePair: checking bot=B16 at (4,0,0)
[2026-05-12T18:20:20] [DEBUG choosePair] bot=B16 target=(1,2,1) target.vx=undefined target.vy=undefined target.vz=undefined cluster_target_type=array cluster_target_len=5
[2026-05-12T18:20:20] [DEBUG choosePair] rawTarget.vx=undefined rawTarget.vy=undefined rawTarget.vz=undefined rawTarget keys=x,y,z
[2026-05-12T18:20:20] _buildWorldAndPlanPath: start=(4,0,0) target=(1,2,1) targetOrientation=(0,0,0) cellsCount=45
[2026-05-12T18:20:20] _buildWorldAndPlanPath: auto-orientation at target (1,2,1) -> target-structure neighbor at (2,2,1) -> orientation=(1,0,0)
[2026-05-12T18:20:20] choosePair: rejected pair bot=B16 -> (1,2,1) (path planner: PATH_NOT_FOUND)
[2026-05-12T18:20:20] choosePair: checking bot=B10 at (2,0,4)
[2026-05-12T18:20:20] [DEBUG choosePair] bot=B10 target=(1,2,1) target.vx=undefined target.vy=undefined target.vz=undefined cluster_target_type=array cluster_target_len=5
[2026-05-12T18:20:20] [DEBUG choosePair] rawTarget.vx=undefined rawTarget.vy=undefined rawTarget.vz=undefined rawTarget keys=x,y,z
[2026-05-12T18:20:20] _buildWorldAndPlanPath: start=(2,0,4) target=(1,2,1) targetOrientation=(0,0,0) cellsCount=45
[2026-05-12T18:20:20] _buildWorldAndPlanPath: auto-orientation at target (1,2,1) -> target-structure neighbor at (2,2,1) -> orientation=(1,0,0)
[2026-05-12T18:20:20] choosePair: rejected pair bot=B10 -> (1,2,1) (path planner: PATH_NOT_FOUND)
[2026-05-12T18:20:20] choosePair: checking bot=B18 at (4,0,2)
[2026-05-12T18:20:20] [DEBUG choosePair] bot=B18 target=(1,2,1) target.vx=undefined target.vy=undefined target.vz=undefined cluster_target_type=array cluster_target_len=5
[2026-05-12T18:20:20] [DEBUG choosePair] rawTarget.vx=undefined rawTarget.vy=undefined rawTarget.vz=undefined rawTarget keys=x,y,z
[2026-05-12T18:20:20] _buildWorldAndPlanPath: start=(4,0,2) target=(1,2,1) targetOrientation=(0,0,0) cellsCount=45
[2026-05-12T18:20:20] _buildWorldAndPlanPath: auto-orientation at target (1,2,1) -> target-structure neighbor at (2,2,1) -> orientation=(1,0,0)
[2026-05-12T18:20:20] choosePair: rejected pair bot=B18 -> (1,2,1) (path planner: PATH_NOT_FOUND)
[2026-05-12T18:20:20] choosePair: checking bot=B31 at (4,3,3)
[2026-05-12T18:20:20] [DEBUG choosePair] bot=B31 target=(1,2,1) target.vx=undefined target.vy=undefined target.vz=undefined cluster_target_type=array cluster_target_len=5
[2026-05-12T18:20:20] [DEBUG choosePair] rawTarget.vx=undefined rawTarget.vy=undefined rawTarget.vz=undefined rawTarget keys=x,y,z
[2026-05-12T18:20:20] _buildWorldAndPlanPath: start=(4,3,3) target=(1,2,1) targetOrientation=(0,0,0) cellsCount=45
[2026-05-12T18:20:20] _buildWorldAndPlanPath: auto-orientation at target (1,2,1) -> target-structure neighbor at (2,2,1) -> orientation=(1,0,0)
[2026-05-12T18:20:20] choosePair: rejected pair bot=B31 -> (1,2,1) (path planner: PATH_NOT_FOUND)
[2026-05-12T18:20:20] choosePair: checking bot=B17 at (4,0,1)
[2026-05-12T18:20:20] [DEBUG choosePair] bot=B17 target=(1,2,1) target.vx=undefined target.vy=undefined target.vz=undefined cluster_target_type=array cluster_target_len=5
[2026-05-12T18:20:20] [DEBUG choosePair] rawTarget.vx=undefined rawTarget.vy=undefined rawTarget.vz=undefined rawTarget keys=x,y,z
[2026-05-12T18:20:20] _buildWorldAndPlanPath: start=(4,0,1) target=(1,2,1) targetOrientation=(0,0,0) cellsCount=45
[2026-05-12T18:20:20] _buildWorldAndPlanPath: auto-orientation at target (1,2,1) -> target-structure neighbor at (2,2,1) -> orientation=(1,0,0)
[2026-05-12T18:20:20] choosePair: rejected pair bot=B17 -> (1,2,1) (path planner: PATH_NOT_FOUND)
[2026-05-12T18:20:20] choosePair: checking bot=B05 at (1,0,4)
[2026-05-12T18:20:20] [DEBUG choosePair] bot=B05 target=(1,2,1) target.vx=undefined target.vy=undefined target.vz=undefined cluster_target_type=array cluster_target_len=5
[2026-05-12T18:20:20] [DEBUG choosePair] rawTarget.vx=undefined rawTarget.vy=undefined rawTarget.vz=undefined rawTarget keys=x,y,z
[2026-05-12T18:20:20] _buildWorldAndPlanPath: start=(1,0,4) target=(1,2,1) targetOrientation=(0,0,0) cellsCount=45
[2026-05-12T18:20:20] _buildWorldAndPlanPath: auto-orientation at target (1,2,1) -> target-structure neighbor at (2,2,1) -> orientation=(1,0,0)
[2026-05-12T18:20:20] choosePair: rejected pair bot=B05 -> (1,2,1) (path planner: PATH_NOT_FOUND)
[2026-05-12T18:20:20] choosePair: checking bot=B14 at (3,0,3)
[2026-05-12T18:20:20] [DEBUG choosePair] bot=B14 target=(1,2,1) target.vx=undefined target.vy=undefined target.vz=undefined cluster_target_type=array cluster_target_len=5
[2026-05-12T18:20:20] [DEBUG choosePair] rawTarget.vx=undefined rawTarget.vy=undefined rawTarget.vz=undefined rawTarget keys=x,y,z
[2026-05-12T18:20:20] _buildWorldAndPlanPath: start=(3,0,3) target=(1,2,1) targetOrientation=(0,0,0) cellsCount=45
[2026-05-12T18:20:20] _buildWorldAndPlanPath: auto-orientation at target (1,2,1) -> target-structure neighbor at (2,2,1) -> orientation=(1,0,0)
[2026-05-12T18:20:20] choosePair: rejected pair bot=B14 -> (1,2,1) (path planner: PATH_NOT_FOUND)
[2026-05-12T18:20:20] choosePair: checking bot=B11 at (3,0,0)
[2026-05-12T18:20:20] [DEBUG choosePair] bot=B11 target=(1,2,1) target.vx=undefined target.vy=undefined target.vz=undefined cluster_target_type=array cluster_target_len=5
[2026-05-12T18:20:20] [DEBUG choosePair] rawTarget.vx=undefined rawTarget.vy=undefined rawTarget.vz=undefined rawTarget keys=x,y,z
[2026-05-12T18:20:20] _buildWorldAndPlanPath: start=(3,0,0) target=(1,2,1) targetOrientation=(0,0,0) cellsCount=45
[2026-05-12T18:20:20] _buildWorldAndPlanPath: auto-orientation at target (1,2,1) -> target-structure neighbor at (2,2,1) -> orientation=(1,0,0)
[2026-05-12T18:20:20] choosePair: rejected pair bot=B11 -> (1,2,1) (path planner: PATH_NOT_FOUND)
[2026-05-12T18:20:20] choosePair: checking bot=B09 at (2,0,3)
[2026-05-12T18:20:20] choosePair: skip bot=B09 target=(1,2,1) reason=wouldSplitCluster
[2026-05-12T18:20:20] choosePair: checking bot=B13 at (3,0,2)
[2026-05-12T18:20:20] [DEBUG choosePair] bot=B13 target=(1,2,1) target.vx=undefined target.vy=undefined target.vz=undefined cluster_target_type=array cluster_target_len=5
[2026-05-12T18:20:20] [DEBUG choosePair] rawTarget.vx=undefined rawTarget.vy=undefined rawTarget.vz=undefined rawTarget keys=x,y,z
[2026-05-12T18:20:20] _buildWorldAndPlanPath: start=(3,0,2) target=(1,2,1) targetOrientation=(0,0,0) cellsCount=45
[2026-05-12T18:20:20] _buildWorldAndPlanPath: auto-orientation at target (1,2,1) -> target-structure neighbor at (2,2,1) -> orientation=(1,0,0)
[2026-05-12T18:20:20] choosePair: rejected pair bot=B13 -> (1,2,1) (path planner: PATH_NOT_FOUND)
[2026-05-12T18:20:20] choosePair: checking bot=B30 at (3,3,3)
[2026-05-12T18:20:20] choosePair: skip bot=B30 target=(1,2,1) reason=wouldSplitCluster
[2026-05-12T18:20:20] choosePair: checking bot=B04 at (1,0,3)
[2026-05-12T18:20:20] [DEBUG choosePair] bot=B04 target=(1,2,1) target.vx=undefined target.vy=undefined target.vz=undefined cluster_target_type=array cluster_target_len=5
[2026-05-12T18:20:20] [DEBUG choosePair] rawTarget.vx=undefined rawTarget.vy=undefined rawTarget.vz=undefined rawTarget keys=x,y,z
[2026-05-12T18:20:20] _buildWorldAndPlanPath: start=(1,0,3) target=(1,2,1) targetOrientation=(0,0,0) cellsCount=45
[2026-05-12T18:20:20] _buildWorldAndPlanPath: auto-orientation at target (1,2,1) -> target-structure neighbor at (2,2,1) -> orientation=(1,0,0)
[2026-05-12T18:20:20] choosePair: rejected pair bot=B04 -> (1,2,1) (path planner: PATH_NOT_FOUND)
[2026-05-12T18:20:20] choosePair: checking bot=B12 at (3,0,1)
[2026-05-12T18:20:20] [DEBUG choosePair] bot=B12 target=(1,2,1) target.vx=undefined target.vy=undefined target.vz=undefined cluster_target_type=array cluster_target_len=5
[2026-05-12T18:20:20] [DEBUG choosePair] rawTarget.vx=undefined rawTarget.vy=undefined rawTarget.vz=undefined rawTarget keys=x,y,z
[2026-05-12T18:20:20] _buildWorldAndPlanPath: start=(3,0,1) target=(1,2,1) targetOrientation=(0,0,0) cellsCount=45
[2026-05-12T18:20:20] _buildWorldAndPlanPath: auto-orientation at target (1,2,1) -> target-structure neighbor at (2,2,1) -> orientation=(1,0,0)
[2026-05-12T18:20:20] choosePair: rejected pair bot=B12 -> (1,2,1) (path planner: PATH_NOT_FOUND)
[2026-05-12T18:20:20] choosePair: checking bot=B06 at (2,0,0)
[2026-05-12T18:20:20] [DEBUG choosePair] bot=B06 target=(1,2,1) target.vx=undefined target.vy=undefined target.vz=undefined cluster_target_type=array cluster_target_len=5
[2026-05-12T18:20:20] [DEBUG choosePair] rawTarget.vx=undefined rawTarget.vy=undefined rawTarget.vz=undefined rawTarget keys=x,y,z
[2026-05-12T18:20:20] _buildWorldAndPlanPath: start=(2,0,0) target=(1,2,1) targetOrientation=(0,0,0) cellsCount=45
[2026-05-12T18:20:20] _buildWorldAndPlanPath: auto-orientation at target (1,2,1) -> target-structure neighbor at (2,2,1) -> orientation=(1,0,0)
[2026-05-12T18:20:20] choosePair: rejected pair bot=B06 -> (1,2,1) (path planner: PATH_NOT_FOUND)
[2026-05-12T18:20:20] choosePair: checking bot=B08 at (2,0,2)
[2026-05-12T18:20:20] [DEBUG choosePair] bot=B08 target=(1,2,1) target.vx=undefined target.vy=undefined target.vz=undefined cluster_target_type=array cluster_target_len=5
[2026-05-12T18:20:20] [DEBUG choosePair] rawTarget.vx=undefined rawTarget.vy=undefined rawTarget.vz=undefined rawTarget keys=x,y,z
[2026-05-12T18:20:20] _buildWorldAndPlanPath: start=(2,0,2) target=(1,2,1) targetOrientation=(0,0,0) cellsCount=45
[2026-05-12T18:20:20] _buildWorldAndPlanPath: auto-orientation at target (1,2,1) -> target-structure neighbor at (2,2,1) -> orientation=(1,0,0)
[2026-05-12T18:20:20] choosePair: rejected pair bot=B08 -> (1,2,1) (path planner: PATH_NOT_FOUND)
[2026-05-12T18:20:20] choosePair: checking bot=B27 at (2,1,3)
[2026-05-12T18:20:20] choosePair: skip bot=B27 target=(1,2,1) reason=wouldSplitCluster
[2026-05-12T18:20:20] choosePair: checking bot=B29 at (2,3,3)
[2026-05-12T18:20:20] choosePair: skip bot=B29 target=(1,2,1) reason=wouldSplitCluster
[2026-05-12T18:20:20] choosePair: checking bot=B01 at (1,0,0)
[2026-05-12T18:20:20] choosePair: skip bot=B01 target=(1,2,1) reason=wouldSplitCluster
[2026-05-12T18:20:20] choosePair: checking bot=B07 at (2,0,1)
[2026-05-12T18:20:20] choosePair: skip bot=B07 target=(1,2,1) reason=wouldSplitCluster
[2026-05-12T18:20:20] choosePair: checking bot=B03 at (1,0,2)
[2026-05-12T18:20:20] [DEBUG choosePair] bot=B03 target=(1,2,1) target.vx=undefined target.vy=undefined target.vz=undefined cluster_target_type=array cluster_target_len=5
[2026-05-12T18:20:20] [DEBUG choosePair] rawTarget.vx=undefined rawTarget.vy=undefined rawTarget.vz=undefined rawTarget keys=x,y,z
[2026-05-12T18:20:20] _buildWorldAndPlanPath: start=(1,0,2) target=(1,2,1) targetOrientation=(0,0,0) cellsCount=45
[2026-05-12T18:20:20] _buildWorldAndPlanPath: auto-orientation at target (1,2,1) -> target-structure neighbor at (2,2,1) -> orientation=(1,0,0)
[2026-05-12T18:20:20] choosePair: rejected pair bot=B03 -> (1,2,1) (path planner: PATH_NOT_FOUND)
[2026-05-12T18:20:20] choosePair: checking bot=B28 at (2,2,3)
[2026-05-12T18:20:20] choosePair: skip bot=B28 target=(1,2,1) reason=wouldSplitCluster
[2026-05-12T18:20:20] choosePair: checking bot=B02 at (1,0,1)
[2026-05-12T18:20:20] [DEBUG choosePair] bot=B02 target=(1,2,1) target.vx=undefined target.vy=undefined target.vz=undefined cluster_target_type=array cluster_target_len=5
[2026-05-12T18:20:20] [DEBUG choosePair] rawTarget.vx=undefined rawTarget.vy=undefined rawTarget.vz=undefined rawTarget keys=x,y,z
[2026-05-12T18:20:20] _buildWorldAndPlanPath: start=(1,0,1) target=(1,2,1) targetOrientation=(0,0,0) cellsCount=45
[2026-05-12T18:20:20] _buildWorldAndPlanPath: auto-orientation at target (1,2,1) -> target-structure neighbor at (2,2,1) -> orientation=(1,0,0)
[2026-05-12T18:20:20] choosePair: valid pair bot=B02 -> (1,2,1) dist=2.00 (path planner OK, checked 24 candidates)
[2026-05-12T18:20:20] choosePair: selected bot=B02 from=(1,0,1) to=(1,2,1) dist=2.00
[2026-05-12T18:20:20]   registerMorphStepForExport: bot=B02 states=3 pathLen=3
[2026-05-12T18:20:20]   -> adding vx/vy/vz to from/to/fullPath for bot=B02
[2026-05-12T18:20:20] stepMorph: registered move for bot=B02 as wave 5
[2026-05-12T18:20:20] choosePair round=5: success=true bot_id=B02 from=(1,0,1) to=(1,2,1) orientation=(1,0,0) path_valid=true path_len=3 error=none moved_to_target=(1,2,1) orientation=(1,0,0)
[2026-05-12T18:20:20] stepMorph: all bots happy after 5 rounds.
